06-01-2023 19:27:21.347 INFO: Incoming request | #1 | resource: /stack/size | HTTP Verb GET | request #1 
06-01-2023 19:27:21.411 INFO: Incoming request | #2 | resource: /stack/arguments | HTTP Verb PUT | request #2 
06-01-2023 19:27:21.477 INFO: Incoming request | #3 | resource: /independent/calculate | HTTP Verb POST | request #3 
06-01-2023 19:27:21.537 INFO: Incoming request | #4 | resource: /stack/size | HTTP Verb GET | request #4 
06-01-2023 19:27:21.599 INFO: Incoming request | #5 | resource: /logs/level | HTTP Verb PUT | request #5 
06-01-2023 19:27:21.647 INFO: Incoming request | #6 | resource: /stack/size | HTTP Verb GET | request #6 
06-01-2023 19:27:21.736 INFO: Incoming request | #7 | resource: /stack/operate | HTTP Verb GET | request #7 
06-01-2023 19:27:21.813 INFO: Incoming request | #8 | resource: /stack/operate | HTTP Verb GET | request #8 
06-01-2023 19:27:21.897 INFO: Incoming request | #9 | resource: /stack/arguments | HTTP Verb PUT | request #9 
06-01-2023 19:27:21.970 INFO: Incoming request | #10 | resource: /stack/operate | HTTP Verb GET | request #10 
06-01-2023 19:27:22.063 INFO: Incoming request | #11 | resource: /logs/level | HTTP Verb PUT | request #11 
06-01-2023 19:27:22.064 DEBUG: request #11 duration: 0ms | request #11 
06-01-2023 19:27:22.121 INFO: Incoming request | #12 | resource: /stack/arguments | HTTP Verb PUT | request #12 
06-01-2023 19:27:22.122 DEBUG: request #12 duration: 0ms | request #12 
06-01-2023 19:27:22.188 INFO: Incoming request | #13 | resource: /stack/operate | HTTP Verb GET | request #13 
06-01-2023 19:27:22.188 DEBUG: request #13 duration: 1ms | request #13 
06-01-2023 19:27:22.263 INFO: Incoming request | #14 | resource: /stack/arguments | HTTP Verb DELETE | request #14 
06-01-2023 19:27:22.263 DEBUG: request #14 duration: 1ms | request #14 
06-01-2023 19:27:22.330 INFO: Incoming request | #15 | resource: /stack/size | HTTP Verb GET | request #15 
06-01-2023 19:27:22.330 DEBUG: request #15 duration: 1ms | request #15 
